<?xml version="1.0" encoding="UTF-8"?>
<testsuite name="rspec" tests="34" skipped="0" failures="0" errors="0" time="0.674624" timestamp="2021-05-10T07:02:50-03:00" hostname="fernando-Inspiron-7520">
<properties>
<property name="seed" value="55852"/>
</properties>
<testcase classname="spec.scenarios.booking_post_spec" name="POST /equipos/{equipo_id}/bookings solicitar locacao deve retornar 200" file="./spec/scenarios/booking_post_spec.rb" time="0.002706"></testcase>
<testcase classname="spec.scenarios.equipo_delete_spec" name="DELETE /equipos/{equipo_id} obter unico equipo deve retornar 204" file="./spec/scenarios/equipo_delete_spec.rb" time="0.000140"></testcase>
<testcase classname="spec.scenarios.equipo_delete_spec" name="DELETE /equipos/{equipo_id} equipo nao existe deve retornar 204" file="./spec/scenarios/equipo_delete_spec.rb" time="0.000345"></testcase>
<testcase classname="spec.scenarios.equipo_get_spec" name="GET /equipos/{equipo_id} obter unico equipo deve retornar 200" file="./spec/scenarios/equipo_get_spec.rb" time="0.000245"></testcase>
<testcase classname="spec.scenarios.equipo_get_spec" name="GET /equipos/{equipo_id} obter unico equipo deve retornar o nome" file="./spec/scenarios/equipo_get_spec.rb" time="0.004967"></testcase>
<testcase classname="spec.scenarios.equipo_get_spec" name="GET /equipos/{equipo_id} equipo nao existe deve retornar 404" file="./spec/scenarios/equipo_get_spec.rb" time="0.000427"></testcase>
<testcase classname="spec.scenarios.equipo_get_spec" name="GET /equipos obter uma lista deve retornar 200" file="./spec/scenarios/equipo_get_spec.rb" time="0.000448"></testcase>
<testcase classname="spec.scenarios.equipo_get_spec" name="GET /equipos obter uma lista deve retornar uma lista de equipos" file="./spec/scenarios/equipo_get_spec.rb" time="0.006502"></testcase>
<testcase classname="spec.scenarios.equipo_post_spec" name="POST /equipos novo equipo Deve retornar 200" file="./spec/scenarios/equipo_post_spec.rb" time="0.000208"></testcase>
<testcase classname="spec.scenarios.equipo_post_spec" name="POST /equipos não autorizado Deve retornar 401" file="./spec/scenarios/equipo_post_spec.rb" time="0.000272"></testcase>
<testcase classname="spec.scenarios.session_post_spec" name="POST /session login com sucesso valida status code" file="./spec/scenarios/session_post_spec.rb" time="0.000327"></testcase>
<testcase classname="spec.scenarios.session_post_spec" name="POST /session login com sucesso valida id do usuário" file="./spec/scenarios/session_post_spec.rb" time="0.000423"></testcase>
<testcase classname="spec.scenarios.session_post_spec" name="POST /session Senha Incorreta valida status code 401" file="./spec/scenarios/session_post_spec.rb" time="0.000347"></testcase>
<testcase classname="spec.scenarios.session_post_spec" name="POST /session Senha Incorreta valida id do usuário" file="./spec/scenarios/session_post_spec.rb" time="0.000760"></testcase>
<testcase classname="spec.scenarios.session_post_spec" name="POST /session Usuario nao existe valida status code 401" file="./spec/scenarios/session_post_spec.rb" time="0.000386"></testcase>
<testcase classname="spec.scenarios.session_post_spec" name="POST /session Usuario nao existe valida id do usuário" file="./spec/scenarios/session_post_spec.rb" time="0.000487"></testcase>
<testcase classname="spec.scenarios.session_post_spec" name="POST /session Email em branco valida status code 412" file="./spec/scenarios/session_post_spec.rb" time="0.000251"></testcase>
<testcase classname="spec.scenarios.session_post_spec" name="POST /session Email em branco valida id do usuário" file="./spec/scenarios/session_post_spec.rb" time="0.000296"></testcase>
<testcase classname="spec.scenarios.session_post_spec" name="POST /session Sem o campo email valida status code 412" file="./spec/scenarios/session_post_spec.rb" time="0.000239"></testcase>
<testcase classname="spec.scenarios.session_post_spec" name="POST /session Sem o campo email valida id do usuário" file="./spec/scenarios/session_post_spec.rb" time="0.000266"></testcase>
<testcase classname="spec.scenarios.session_post_spec" name="POST /session Senha em branco valida status code 412" file="./spec/scenarios/session_post_spec.rb" time="0.000398"></testcase>
<testcase classname="spec.scenarios.session_post_spec" name="POST /session Senha em branco valida id do usuário" file="./spec/scenarios/session_post_spec.rb" time="0.000512"></testcase>
<testcase classname="spec.scenarios.session_post_spec" name="POST /session Sem o campo senha valida status code 412" file="./spec/scenarios/session_post_spec.rb" time="0.000339"></testcase>
<testcase classname="spec.scenarios.session_post_spec" name="POST /session Sem o campo senha valida id do usuário" file="./spec/scenarios/session_post_spec.rb" time="0.000312"></testcase>
<testcase classname="spec.scenarios.signup_post_spec" name="POST /signup novo usuario valida status code" file="./spec/scenarios/signup_post_spec.rb" time="0.000256"></testcase>
<testcase classname="spec.scenarios.signup_post_spec" name="POST /signup novo usuario valida id do usuário" file="./spec/scenarios/signup_post_spec.rb" time="0.000395"></testcase>
<testcase classname="spec.scenarios.signup_post_spec" name="POST /signup usuario ja existe deve retornar 409" file="./spec/scenarios/signup_post_spec.rb" time="0.000301"></testcase>
<testcase classname="spec.scenarios.signup_post_spec" name="POST /signup usuario ja existe deve retornar mensagem" file="./spec/scenarios/signup_post_spec.rb" time="0.000380"></testcase>
<testcase classname="spec.scenarios.signup_post_spec" name="POST /signup Nome obrigatorio valida status code 412" file="./spec/scenarios/signup_post_spec.rb" time="0.000254"></testcase>
<testcase classname="spec.scenarios.signup_post_spec" name="POST /signup Nome obrigatorio valida mensagem de erro" file="./spec/scenarios/signup_post_spec.rb" time="0.000293"></testcase>
<testcase classname="spec.scenarios.signup_post_spec" name="POST /signup Email obrigatorio valida status code 412" file="./spec/scenarios/signup_post_spec.rb" time="0.000232"></testcase>
<testcase classname="spec.scenarios.signup_post_spec" name="POST /signup Email obrigatorio valida mensagem de erro" file="./spec/scenarios/signup_post_spec.rb" time="0.000312"></testcase>
<testcase classname="spec.scenarios.signup_post_spec" name="POST /signup Password obrigatorio valida status code 412" file="./spec/scenarios/signup_post_spec.rb" time="0.000409"></testcase>
<testcase classname="spec.scenarios.signup_post_spec" name="POST /signup Password obrigatorio valida mensagem de erro" file="./spec/scenarios/signup_post_spec.rb" time="0.001873"></testcase>
</testsuite>
